<?xml version="1.0" encoding="UTF-8" ?>
<testsuite tests="3" failures="0" name="com.a.introduction.gildedrose.GildedRoseCBackstagePassesTest" time="0.001" errors="0" skipped="0">
  <properties>
[...]
</properties>
  <testcase classname="com.a.introduction.gildedrose.GildedRoseCBackstagePassesTest" name="com.a.introduction.gildedrose.GildedRoseCBackstagePassesTest.testUpdateQualityBackstagePasses1" time="0.001"/>
  <testcase classname="com.a.introduction.gildedrose.GildedRoseCBackstagePassesTest" name="com.a.introduction.gildedrose.GildedRoseCBackstagePassesTest.testUpdateQualityBackstagePasses2" time="0"/>
  <testcase classname="com.a.introduction.gildedrose.GildedRoseCBackstagePassesTest" name="com.a.introduction.gildedrose.GildedRoseCBackstagePassesTest.testUpdateQualityBackstagePasses3" time="0"/>
</testsuite>